<?xml version="1.0" encoding="UTF-8"?>
<beans xmlns="http://www.springframework.org/schema/beans"
       xmlns:xsi="http://www.w3.org/2001/XMLSchema-instance"
       xmlns:context="http://www.springframework.org/schema/context"
       xsi:schemaLocation="http://www.springframework.org/schema/beans
                           http://www.springframework.org/schema/beans/spring-beans.xsd
                           http://www.springframework.org/schema/context
                           http://www.springframework.org/schema/context/spring-context.xsd">

  <context:annotation-config/>

  <import resource="classpath:/framework/spring/livecontext-hybris-connection.xml"/>
  <import resource="classpath:/framework/spring/livecontext-hybris-services.xml"/>
  <import resource="classpath:/framework/spring/lc-ecommerce-connection.xml"/>
  <import resource="classpath:/framework/spring/livecontext-hybris-commercebeans.xml"/>

  <bean id="hybrisPreviewTokenResource"
        class="com.coremedia.livecontext.ecommerce.hybris.rest.resources.PreviewTokenResource">
    <property name="connector" ref="hybrisRestConnectorPreviewServices"/>
  </bean>

  <bean id="assetService" class="com.coremedia.livecontext.ecommerce.hybris.AssetServiceMock"/>

  <bean id="hybrisPreviewTokenService" parent="hybrisAbstractCommerceService"
        class="com.coremedia.livecontext.ecommerce.hybris.preview.PreviewTokenService">
  </bean>

  <bean id="testConfig" class="com.coremedia.livecontext.ecommerce.hybris.HybrisTestConfig"/>

</beans>
